2019-11-11 19:37:48,184 INFO  [Log] **********Started Execution*********** 
2019-11-11 19:37:52,392 INFO  [Log] Application Opened Succesfully 
2019-11-11 19:37:52,397 INFO  [Log] Title Matched 
2019-11-11 19:37:53,169 INFO  [Log] Login Successful 
2019-11-11 19:37:56,191 INFO  [Log] Welcome Admin 
2019-11-11 19:37:56,381 INFO  [Log] Logout Successful 
2019-11-11 19:37:57,424 INFO  [Log] Application Closed 
2019-11-11 19:40:02,810 INFO  [Log] **********Started Execution*********** 
2019-11-11 19:40:06,436 INFO  [Log] Application Opened Succesfully 
2019-11-11 19:40:06,443 INFO  [Log] Title Matched 
2019-11-11 19:40:07,224 INFO  [Log] Login Successful 
2019-11-11 19:40:10,244 INFO  [Log] Welcome Admin 
2019-11-11 19:40:10,426 INFO  [Log] Logout Successful 
2019-11-11 19:40:11,333 INFO  [Log] Application Closed 
2019-11-11 19:40:11,333 INFO  [Log] **********Started Execution*********** 
2019-11-11 19:40:14,402 INFO  [Log] Application Opened Succesfully 
2019-11-11 19:40:14,405 INFO  [Log] Title Matched 
2019-11-11 19:40:15,089 INFO  [Log] Login Successful 
2019-11-11 19:40:18,116 INFO  [Log] Welcome Admin 
2019-11-11 19:40:21,702 INFO  [Log] Add Employee 
2019-11-11 19:40:34,888 INFO  [Log] Entered into Frame 
2019-11-11 19:40:34,897 INFO  [Log] Exit From Frame 
2019-11-11 19:40:34,897 INFO  [Log] New Employee Added 
2019-11-11 19:40:35,095 INFO  [Log] Logout Successful 
2019-11-11 19:40:36,028 INFO  [Log] Application Closed 
2019-11-11 19:40:36,040 INFO  [Log] **********Started Execution*********** 
2019-11-11 19:40:39,114 INFO  [Log] Application Opened Succesfully 
2019-11-11 19:40:39,847 INFO  [Log] Login Successful 
2019-11-11 19:40:59,767 INFO  [Log] Deleted Employee 
2019-11-11 19:40:59,974 INFO  [Log] Logout Successful 
2019-11-11 19:41:01,024 INFO  [Log] Application Closed 
2019-11-11 20:10:43,734 INFO  [Log] **********Started Execution*********** 
2019-11-11 20:10:48,094 INFO  [Log] Application Opened Succesfully 
2019-11-11 20:10:48,100 INFO  [Log] Title Matched 
2019-11-11 20:10:48,936 INFO  [Log] Login Successful 
2019-11-11 20:10:51,971 INFO  [Log] Welcome Admin 
2019-11-11 20:10:52,178 INFO  [Log] Logout Successful 
2019-11-11 20:10:53,134 INFO  [Log] Application Closed 
2019-11-11 20:10:53,150 INFO  [Log] **********Started Execution*********** 
2019-11-11 20:10:56,089 INFO  [Log] Application Opened Succesfully 
2019-11-11 20:10:56,102 INFO  [Log] Title Matched 
2019-11-11 20:10:56,981 INFO  [Log] Login Successful 
2019-11-11 20:11:00,018 INFO  [Log] Welcome Admin 
2019-11-11 20:11:03,617 INFO  [Log] Add Employee 
2019-11-11 20:11:16,773 INFO  [Log] Entered into Frame 
2019-11-11 20:11:16,787 INFO  [Log] Exit From Frame 
2019-11-11 20:11:16,787 INFO  [Log] New Employee Added 
2019-11-11 20:11:17,192 INFO  [Log] Logout Successful 
2019-11-11 20:11:18,198 INFO  [Log] Application Closed 
2019-11-11 20:11:18,208 INFO  [Log] **********Started Execution*********** 
2019-11-11 20:11:22,442 INFO  [Log] Application Opened Succesfully 
2019-11-11 20:11:23,438 INFO  [Log] Login Successful 
2019-11-11 20:12:28,807 INFO  [Log] **********Started Execution*********** 
2019-11-11 20:12:32,183 INFO  [Log] Application Opened Succesfully 
2019-11-11 20:12:32,191 INFO  [Log] Title Matched 
2019-11-11 20:12:32,988 INFO  [Log] Login Successful 
2019-11-11 20:12:36,008 INFO  [Log] Welcome Admin 
2019-11-11 20:12:36,196 INFO  [Log] Logout Successful 
2019-11-11 20:12:37,033 INFO  [Log] Application Closed 
2019-11-11 20:12:37,042 INFO  [Log] **********Started Execution*********** 
2019-11-11 20:12:39,908 INFO  [Log] Application Opened Succesfully 
2019-11-11 20:12:39,916 INFO  [Log] Title Matched 
2019-11-11 20:12:40,638 INFO  [Log] Login Successful 
2019-11-11 20:12:43,688 INFO  [Log] Welcome Admin 
2019-11-11 20:12:47,259 INFO  [Log] Add Employee 
2019-11-11 20:13:00,222 INFO  [Log] Entered into Frame 
2019-11-11 20:13:00,238 INFO  [Log] Exit From Frame 
2019-11-11 20:13:00,238 INFO  [Log] New Employee Added 
2019-11-11 20:13:00,446 INFO  [Log] Logout Successful 
2019-11-11 20:13:01,305 INFO  [Log] Application Closed 
2019-11-11 20:13:01,318 INFO  [Log] **********Started Execution*********** 
2019-11-11 20:13:04,215 INFO  [Log] Application Opened Succesfully 
2019-11-11 20:13:04,994 INFO  [Log] Login Successful 
2019-11-11 20:13:24,834 INFO  [Log] Deleted Employee 
2019-11-11 20:13:25,025 INFO  [Log] Logout Successful 
2019-11-11 20:13:25,864 INFO  [Log] Application Closed 
2019-11-11 21:20:19,287 INFO  [Log] **********Started Execution*********** 
2019-11-11 21:20:23,444 INFO  [Log] Application Opened Succesfully 
2019-11-11 21:20:23,448 INFO  [Log] Title Matched 
2019-11-11 21:20:24,231 INFO  [Log] Login Successful 
2019-11-11 21:20:27,252 INFO  [Log] Welcome Admin 
2019-11-11 21:20:27,418 INFO  [Log] Logout Successful 
2019-11-11 21:20:28,199 INFO  [Log] Application Closed 
2019-11-11 21:20:28,223 INFO  [Log] **********Started Execution*********** 
2019-11-11 21:20:31,084 INFO  [Log] Application Opened Succesfully 
2019-11-11 21:20:31,089 INFO  [Log] Title Matched 
2019-11-11 21:20:31,760 INFO  [Log] Login Successful 
2019-11-11 21:20:34,789 INFO  [Log] Welcome Admin 
2019-11-11 21:20:38,408 INFO  [Log] Add Employee 
2019-11-11 21:20:51,559 INFO  [Log] Entered into Frame 
2019-11-11 21:20:51,575 INFO  [Log] Exit From Frame 
2019-11-11 21:20:51,575 INFO  [Log] New Employee Added 
2019-11-11 21:20:51,784 INFO  [Log] Logout Successful 
2019-11-11 21:20:52,484 INFO  [Log] Application Closed 
2019-11-11 21:20:52,490 INFO  [Log] **********Started Execution*********** 
2019-11-11 21:20:55,309 INFO  [Log] Application Opened Succesfully 
2019-11-11 21:20:55,995 INFO  [Log] Login Successful 
2019-11-11 21:21:15,897 INFO  [Log] Deleted Employee 
2019-11-11 21:21:16,076 INFO  [Log] Logout Successful 
2019-11-11 21:21:16,765 INFO  [Log] Application Closed 
2019-11-13 19:39:19,638 INFO  [Log] **********Started Execution*********** 
2019-11-13 19:39:23,798 INFO  [Log] Application Opened Succesfully 
2019-11-13 19:39:23,806 INFO  [Log] Title Matched 
2019-11-13 19:39:24,579 INFO  [Log] Login Successful 
2019-11-13 19:39:27,600 INFO  [Log] Welcome Admin 
2019-11-13 19:39:27,759 INFO  [Log] Logout Successful 
2019-11-13 19:39:28,508 INFO  [Log] Application Closed 
2019-11-13 19:39:28,524 INFO  [Log] **********Started Execution*********** 
2019-11-13 19:39:33,303 INFO  [Log] Application Opened Succesfully 
2019-11-13 19:39:33,313 INFO  [Log] Title Matched 
2019-11-13 19:39:34,408 INFO  [Log] Login Successful 
2019-11-13 19:39:37,447 INFO  [Log] Welcome Admin 
2019-11-13 19:39:41,146 INFO  [Log] Add Employee 
2019-11-13 19:39:54,228 INFO  [Log] Entered into Frame 
2019-11-13 19:39:54,228 INFO  [Log] Exit From Frame 
2019-11-13 19:39:54,228 INFO  [Log] New Employee Added 
2019-11-13 19:39:54,482 INFO  [Log] Logout Successful 
2019-11-13 19:39:55,468 INFO  [Log] Application Closed 
2019-11-13 19:39:55,468 INFO  [Log] **********Started Execution*********** 
2019-11-13 19:39:58,555 INFO  [Log] Application Opened Succesfully 
2019-11-13 19:39:59,325 INFO  [Log] Login Successful 
2019-11-13 19:40:14,243 INFO  [Log] **********Started Execution*********** 
2019-11-13 19:40:17,733 INFO  [Log] Application Opened Succesfully 
2019-11-13 19:40:17,738 INFO  [Log] Title Matched 
2019-11-13 19:40:18,770 INFO  [Log] Login Successful 
2019-11-13 19:40:21,793 INFO  [Log] Welcome Admin 
2019-11-13 19:40:21,996 INFO  [Log] Logout Successful 
2019-11-13 19:40:22,750 INFO  [Log] Application Closed 
2019-11-13 19:40:22,750 INFO  [Log] **********Started Execution*********** 
2019-11-13 19:40:25,891 INFO  [Log] Application Opened Succesfully 
2019-11-13 19:40:25,895 INFO  [Log] Title Matched 
2019-11-13 19:40:26,825 INFO  [Log] Login Successful 
2019-11-13 19:40:29,861 INFO  [Log] Welcome Admin 
2019-11-13 19:40:33,675 INFO  [Log] Add Employee 
2019-11-13 19:40:46,692 INFO  [Log] Entered into Frame 
2019-11-13 19:40:46,692 INFO  [Log] Exit From Frame 
2019-11-13 19:40:46,692 INFO  [Log] New Employee Added 
2019-11-13 19:40:46,974 INFO  [Log] Logout Successful 
2019-11-13 19:40:48,008 INFO  [Log] Application Closed 
2019-11-13 19:40:48,015 INFO  [Log] **********Started Execution*********** 
2019-11-13 19:40:52,189 INFO  [Log] Application Opened Succesfully 
2019-11-13 19:40:53,311 INFO  [Log] Login Successful 
